0 info it worked if it ends with ok
1 verbose cli [ 'D:\\Program Files\\nodejs\\\\node.exe',
1 verbose cli   'D:\\Program Files\\nodejs\\node_modules\\npm\\bin\\npm-cli.js',
1 verbose cli   'access',
1 verbose cli   'ls' ]
2 info using npm@2.5.1
3 info using node@v0.12.0
4 verbose node symlink D:\Program Files\nodejs\\node.exe
5 verbose stack Error: npm access ls isn't implemented yet!
5 verbose stack     at ls (D:\Program Files\nodejs\node_modules\npm\lib\access.js:118:13)
5 verbose stack     at EventEmitter.access (D:\Program Files\nodejs\node_modules\npm\lib\access.js:50:47)
5 verbose stack     at Object.commandCache.(anonymous function) (D:\Program Files\nodejs\node_modules\npm\lib\npm.js:218:11)
5 verbose stack     at EventEmitter.<anonymous> (D:\Program Files\nodejs\node_modules\npm\bin\npm-cli.js:72:28)
5 verbose stack     at process._tickCallback (node.js:355:11)
6 verbose cwd E:\Projects\git\GitHub\resume
7 error Windows_NT 6.3.9600
8 error argv "D:\\Program Files\\nodejs\\\\node.exe" "D:\\Program Files\\nodejs\\node_modules\\npm\\bin\\npm-cli.js" "access" "ls"
9 error node v0.12.0
10 error npm  v2.5.1
11 error npm access ls isn't implemented yet!
12 error If you need help, you may report this error at:
12 error     <http://github.com/npm/npm/issues>
13 verbose exit [ 1, true ]
